<?xml version="1.0" encoding="UTF-8"?>
<!-- Generated by org.testng.reporters.JUnitXMLReporter -->
<testsuite ignored="1" hostname="LAPTOP-H80V36UT" failures="0" tests="2" name="ChromeTest" time="44.545" errors="0" timestamp="2023-02-21T08:09:26 IST">
  <testcase classname="TestNGPackege2.PlaceOrderClassFlipkart" name="verifyCorrectProduct" time="12.117"/>
  <testcase classname="TestNGPackege2.AddtoCartOnFilpkart" name="clickOnElectronicsButto" time="11.505"/>
  <testcase classname="TestNGPackege2.AddtoCartOnFilpkart" name="toVerifyFilterOnHp" time="0.0">
    <ignored/>
  </testcase> <!-- toVerifyFilterOnHp -->
</testsuite> <!-- ChromeTest -->
