<?xml version="1.0" encoding="UTF-8"?>
<!-- Generated by org.testng.reporters.JUnitXMLReporter -->
<testsuite ignored="1" hostname="LAPTOP-H80V36UT" failures="0" tests="2" name="EdgeTest" time="45.028" errors="0" timestamp="2023-02-21T08:09:26 IST">
  <testcase classname="TestNGPackege2.PlaceOrderClassFlipkart" name="verifyCorrectProduct" time="11.492"/>
  <testcase classname="TestNGPackege2.AddtoCartOnFilpkart" name="clickOnElectronicsButto" time="11.708"/>
  <testcase classname="TestNGPackege2.AddtoCartOnFilpkart" name="toVerifyFilterOnHp" time="0.0">
    <ignored/>
  </testcase> <!-- toVerifyFilterOnHp -->
</testsuite> <!-- EdgeTest -->
